生成启动时间为 2019/1/5 12:00:40。
     1>项目“D:\My Documents\Visual Studio 2010\Projects\skynet\skynet-socket\skynet-socket.vcxproj”在节点 2 上(build 个目标)。
     1>PrepareForBuild:
         正在创建目录“D:\My Documents\Visual Studio 2010\Projects\skynet\Debug\”。
       InitializeBuildStatus:
         正在对“Debug\skynet-socket.unsuccessfulbuild”执行 Touch 任务。
       ClCompile:
         C:\Program Files (x86)\Microsoft Visual Studio 10.0\VC\bin\CL.exe /c /ZI /nologo /W3 /WX- /Od /Oy- /D _MBCS /Gm /EHsc /RTC1 /MDd /GS /fp:precise /Zc:wchar_t /Zc:forScope /Fo"Debug\\" /Fd"Debug\vc100.pdb" /Gd /TC /analyze- /errorReport:prompt socket_server.c test.c testclient.c testserver.c
         testserver.c
     1>d:\my documents\visual studio 2010\projects\skynet\skynet-socket\socket_server.h : warning C4819: 该文件包含不能在当前代码页(936)中表示的字符。请将该文件保存为 Unicode 格式以防止数据丢失
     1>d:\my documents\visual studio 2010\projects\skynet\skynet-socket\testserver.c(3): fatal error C1083: 无法打开包括文件:“pthread.h”: No such file or directory
         testclient.c
     1>d:\my documents\visual studio 2010\projects\skynet\skynet-socket\socket_server.h : warning C4819: 该文件包含不能在当前代码页(936)中表示的字符。请将该文件保存为 Unicode 格式以防止数据丢失
     1>d:\my documents\visual studio 2010\projects\skynet\skynet-socket\testclient.c(3): fatal error C1083: 无法打开包括文件:“pthread.h”: No such file or directory
         test.c
     1>d:\my documents\visual studio 2010\projects\skynet\skynet-socket\socket_server.h : warning C4819: 该文件包含不能在当前代码页(936)中表示的字符。请将该文件保存为 Unicode 格式以防止数据丢失
     1>d:\my documents\visual studio 2010\projects\skynet\skynet-socket\test.c(3): fatal error C1083: 无法打开包括文件:“pthread.h”: No such file or directory
         socket_server.c
     1>d:\my documents\visual studio 2010\projects\skynet\skynet-socket\socket_server.c : warning C4819: 该文件包含不能在当前代码页(936)中表示的字符。请将该文件保存为 Unicode 格式以防止数据丢失
     1>d:\my documents\visual studio 2010\projects\skynet\skynet-socket\socket_server.h : warning C4819: 该文件包含不能在当前代码页(936)中表示的字符。请将该文件保存为 Unicode 格式以防止数据丢失
     1>d:\my documents\visual studio 2010\projects\skynet\skynet-socket\socket_poll.h(4): fatal error C1083: 无法打开包括文件:“stdbool.h”: No such file or directory
         正在生成代码...
     1>已完成生成项目“D:\My Documents\Visual Studio 2010\Projects\skynet\skynet-socket\skynet-socket.vcxproj”(build 个目标)的操作 - 失败。

生成失败。

已用时间 00:00:02.35
